
=== Mon Feb  8 15:00:55 2021

Packages were changed.
Update Mode: updateDependencies

The following packages were added:
  com.unity.ide.visualstudio@2.0.5
The following packages were updated:
  com.unity.2d.animation from version 3.2.2 to 5.0.3
  com.unity.2d.pixel-perfect from version 2.0.4 to 4.0.1
  com.unity.2d.psdimporter from version 2.1.4 to 4.0.2
  com.unity.2d.spriteshape from version 3.0.11 to 5.1.0
  com.unity.collab-proxy from version 1.2.16 to 1.3.9
  com.unity.ide.rider from version 1.1.4 to 2.0.7
  com.unity.ide.vscode from version 1.2.1 to 1.2.3
  com.unity.test-framework from version 1.1.14 to 1.1.20
  com.unity.textmeshpro from version 2.0.1 to 3.0.1

=== Wed Feb 10 14:54:39 2021

Packages were changed.
Update Mode: updateDependencies

The following packages were updated:
  com.unity.test-framework from version 1.1.19 to 1.1.20

=== Sat Feb 13 00:54:27 2021

Packages were changed.
Update Mode: updateDependencies

The following packages were updated:
  com.unity.render-pipelines.universal from version 10.2.2 to 10.3.1

=== Sun Feb 21 10:21:28 2021

Packages were changed.
Update Mode: updateDependencies

The following packages were updated:
  com.unity.2d.animation from version 5.0.3 to 5.0.4
  com.unity.2d.spriteshape from version 5.1.0 to 5.1.1
  com.unity.test-framework from version 1.1.20 to 1.1.22

=== Sat Feb 27 03:55:16 2021

Packages were changed.
Update Mode: updateDependencies

The following packages were updated:
  com.unity.timeline from version 1.2.15 to 1.4.6
